[debug] [2020-11-22T20:36:38.535Z] ----------------------------------------------------------------------
[debug] [2020-11-22T20:36:38.537Z] Command:       C:\Program Files\nodejs\node.exe C:\Users\Дмитрий\AppData\Roaming\npm\node_modules\firebase-tools\lib\bin\firebase.js deploy --only functions
[debug] [2020-11-22T20:36:38.538Z] CLI Version:   8.16.2
[debug] [2020-11-22T20:36:38.538Z] Platform:      win32
[debug] [2020-11-22T20:36:38.538Z] Node Version:  v14.15.1
[debug] [2020-11-22T20:36:38.542Z] Time:          Sun Nov 22 2020 23:36:38 GMT+0300 (Москва, стандартное время)
[debug] [2020-11-22T20:36:38.542Z] ----------------------------------------------------------------------
[debug] [2020-11-22T20:36:38.542Z] 
[debug] [2020-11-22T20:36:38.553Z] > command requires scopes: ["email","openid","https://www.googleapis.com/auth/cloudplatformprojects.readonly","https://www.googleapis.com/auth/firebase","https://www.googleapis.com/auth/cloud-platform"]
[debug] [2020-11-22T20:36:38.553Z] > authorizing via signed-in user
[debug] [2020-11-22T20:36:38.554Z] [iam] checking project bootkempik for permissions ["cloudfunctions.functions.create","cloudfunctions.functions.delete","cloudfunctions.functions.get","cloudfunctions.functions.list","cloudfunctions.functions.update","cloudfunctions.operations.get","firebase.projects.get"]
[debug] [2020-11-22T20:36:38.557Z] > refreshing access token with scopes: ["email","https://www.googleapis.com/auth/cloud-platform","https://www.googleapis.com/auth/cloudplatformprojects.readonly","https://www.googleapis.com/auth/firebase","openid"]
[debug] [2020-11-22T20:36:38.557Z] >>> HTTP REQUEST POST https://www.googleapis.com/oauth2/v3/token  
 <request body omitted>
[debug] [2020-11-22T20:36:38.771Z] <<< HTTP RESPONSE 200 {"date":"Sun, 22 Nov 2020 20:36:41 GMT","pragma":"no-cache","expires":"Mon, 01 Jan 1990 00:00:00 GMT","cache-control":"no-cache, no-store, max-age=0, must-revalidate","content-type":"application/json; charset=utf-8","vary":"X-Origin, Referer, Origin,Accept-Encoding","server":"scaffolding on HTTPServer2","x-xss-protection":"0","x-frame-options":"SAMEORIGIN","x-content-type-options":"nosniff","alt-svc":"h3-29=\":443\"; ma=2592000,h3-T051=\":443\"; ma=2592000,h3-Q050=\":443\"; ma=2592000,h3-Q046=\":443\"; ma=2592000,h3-Q043=\":443\"; ma=2592000,quic=\":443\"; ma=2592000; v=\"46,43\"","accept-ranges":"none","transfer-encoding":"chunked"}
[debug] [2020-11-22T20:36:38.787Z] >>> HTTP REQUEST POST https://cloudresourcemanager.googleapis.com/v1/projects/bootkempik:testIamPermissions  
 {"permissions":["cloudfunctions.functions.create","cloudfunctions.functions.delete","cloudfunctions.functions.get","cloudfunctions.functions.list","cloudfunctions.functions.update","cloudfunctions.operations.get","firebase.projects.get"]}
[debug] [2020-11-22T20:36:39.608Z] <<< HTTP RESPONSE 200 {"content-type":"application/json; charset=UTF-8","vary":"X-Origin, Referer, Origin,Accept-Encoding","date":"Sun, 22 Nov 2020 20:36:42 GMT","server":"ESF","cache-control":"private","x-xss-protection":"0","x-frame-options":"SAMEORIGIN","x-content-type-options":"nosniff","server-timing":"gfet4t7; dur=700","alt-svc":"h3-29=\":443\"; ma=2592000,h3-T051=\":443\"; ma=2592000,h3-Q050=\":443\"; ma=2592000,h3-Q046=\":443\"; ma=2592000,h3-Q043=\":443\"; ma=2592000,quic=\":443\"; ma=2592000; v=\"46,43\"","accept-ranges":"none","transfer-encoding":"chunked"}
[debug] [2020-11-22T20:36:39.614Z] >>> HTTP REQUEST POST https://iam.googleapis.com/v1/projects/bootkempik/serviceAccounts/bootkempik@appspot.gserviceaccount.com:testIamPermissions  
 {"permissions":["iam.serviceAccounts.actAs"]}
[debug] [2020-11-22T20:36:40.420Z] <<< HTTP RESPONSE 200 {"content-type":"application/json; charset=UTF-8","vary":"X-Origin, Referer, Origin,Accept-Encoding","date":"Sun, 22 Nov 2020 20:36:43 GMT","server":"ESF","cache-control":"private","x-xss-protection":"0","x-frame-options":"SAMEORIGIN","x-content-type-options":"nosniff","alt-svc":"h3-29=\":443\"; ma=2592000,h3-T051=\":443\"; ma=2592000,h3-Q050=\":443\"; ma=2592000,h3-Q046=\":443\"; ma=2592000,h3-Q043=\":443\"; ma=2592000,quic=\":443\"; ma=2592000; v=\"46,43\"","accept-ranges":"none","transfer-encoding":"chunked"}
[info] 
[info] === Deploying to 'bootkempik'...
[info] 
[info] i  deploying functions 
[debug] [2020-11-22T20:36:43.553Z] > [functions] package.json contents: {
  "name": "authorized-https-endpoint-functions",
  "description": "restrict HTTPS functions to Firebase users",
  "dependencies": {
    "firebase-admin": "^9.4.1",
    "firebase-functions": "^3.11.0"
  },
  "scripts": {
    "lint": "./node_modules/.bin/eslint --max-warnings=0 .",
    "serve": "firebase serve --only functions",
    "shell": "firebase experimental:functions:shell",
    "start": "npm run shell",
    "deploy": "firebase deploy --only functions",
    "logs": "firebase functions:log"
  },
  "engines": {
    "node": "8"
  },
  "private": true
}
[info] i  functions: ensuring required API cloudfunctions.googleapis.com is enabled... 
[debug] [2020-11-22T20:36:45.123Z] >>> HTTP REQUEST GET https://serviceusage.googleapis.com/v1/projects/bootkempik/services/cloudfunctions.googleapis.com  
 
[debug] [2020-11-22T20:36:45.124Z] >>> HTTP REQUEST GET https://serviceusage.googleapis.com/v1/projects/bootkempik/services/runtimeconfig.googleapis.com  
 
[debug] [2020-11-22T20:36:46.124Z] <<< HTTP RESPONSE 200 {"content-type":"application/json; charset=UTF-8","vary":"X-Origin, Referer, Origin,Accept-Encoding","date":"Sun, 22 Nov 2020 20:36:49 GMT","server":"ESF","cache-control":"private","x-xss-protection":"0","x-frame-options":"SAMEORIGIN","x-content-type-options":"nosniff","alt-svc":"h3-29=\":443\"; ma=2592000,h3-T051=\":443\"; ma=2592000,h3-Q050=\":443\"; ma=2592000,h3-Q046=\":443\"; ma=2592000,h3-Q043=\":443\"; ma=2592000,quic=\":443\"; ma=2592000; v=\"46,43\"","accept-ranges":"none","transfer-encoding":"chunked"}
[debug] [2020-11-22T20:36:46.140Z] <<< HTTP RESPONSE 200 {"content-type":"application/json; charset=UTF-8","vary":"X-Origin, Referer, Origin,Accept-Encoding","date":"Sun, 22 Nov 2020 20:36:49 GMT","server":"ESF","cache-control":"private","x-xss-protection":"0","x-frame-options":"SAMEORIGIN","x-content-type-options":"nosniff","alt-svc":"h3-29=\":443\"; ma=2592000,h3-T051=\":443\"; ma=2592000,h3-Q050=\":443\"; ma=2592000,h3-Q046=\":443\"; ma=2592000,h3-Q043=\":443\"; ma=2592000,quic=\":443\"; ma=2592000; v=\"46,43\"","accept-ranges":"none","transfer-encoding":"chunked"}
[info] +  functions: required API cloudfunctions.googleapis.com is enabled 
[debug] [2020-11-22T20:36:46.141Z] >>> HTTP REQUEST GET https://firebase.googleapis.com/v1beta1/projects/bootkempik/adminSdkConfig  
 
[debug] [2020-11-22T20:36:46.472Z] <<< HTTP RESPONSE 200 {"content-type":"application/json; charset=UTF-8","vary":"X-Origin, Referer, Origin,Accept-Encoding","date":"Sun, 22 Nov 2020 20:36:49 GMT","server":"ESF","cache-control":"private","x-xss-protection":"0","x-frame-options":"SAMEORIGIN","x-content-type-options":"nosniff","alt-svc":"h3-29=\":443\"; ma=2592000,h3-T051=\":443\"; ma=2592000,h3-Q050=\":443\"; ma=2592000,h3-Q046=\":443\"; ma=2592000,h3-Q043=\":443\"; ma=2592000,quic=\":443\"; ma=2592000; v=\"46,43\"","accept-ranges":"none","transfer-encoding":"chunked"}
[info] i  functions: preparing functions directory for uploading... 
[debug] [2020-11-22T20:36:46.479Z] >>> HTTP REQUEST GET https://runtimeconfig.googleapis.com/v1beta1/projects/bootkempik/configs  
 
[debug] [2020-11-22T20:36:47.439Z] <<< HTTP RESPONSE 200 {"content-type":"application/json; charset=UTF-8","vary":"X-Origin, Referer, Origin,Accept-Encoding","date":"Sun, 22 Nov 2020 20:36:50 GMT","server":"ESF","cache-control":"private","x-xss-protection":"0","x-frame-options":"SAMEORIGIN","x-content-type-options":"nosniff","alt-svc":"h3-29=\":443\"; ma=2592000,h3-T051=\":443\"; ma=2592000,h3-Q050=\":443\"; ma=2592000,h3-Q046=\":443\"; ma=2592000,h3-Q043=\":443\"; ma=2592000,quic=\":443\"; ma=2592000; v=\"46,43\"","accept-ranges":"none","transfer-encoding":"chunked"}
[info] i  functions: packaged functions (24.82 KB) for uploading 
[debug] [2020-11-22T20:36:47.670Z] >>> HTTP REQUEST GET https://cloudfunctions.googleapis.com/v1/projects/bootkempik/locations/-/functions  
 
[debug] [2020-11-22T20:36:48.410Z] <<< HTTP RESPONSE 200 {"content-type":"application/json; charset=UTF-8","vary":"X-Origin, Referer, Origin,Accept-Encoding","date":"Sun, 22 Nov 2020 20:36:51 GMT","server":"ESF","cache-control":"private","x-xss-protection":"0","x-frame-options":"SAMEORIGIN","x-content-type-options":"nosniff","alt-svc":"h3-29=\":443\"; ma=2592000,h3-T051=\":443\"; ma=2592000,h3-Q050=\":443\"; ma=2592000,h3-Q046=\":443\"; ma=2592000,h3-Q043=\":443\"; ma=2592000,quic=\":443\"; ma=2592000; v=\"46,43\"","accept-ranges":"none","transfer-encoding":"chunked"}
[debug] [2020-11-22T20:36:48.422Z] >>> HTTP REQUEST POST https://cloudfunctions.googleapis.com/v1/projects/bootkempik/locations/us-central1/functions:generateUploadUrl  
 
